Arguments: 
  /usr/local/bin/node /Users/philcal/.yarn/bin/yarn.js patch-release

PATH: 
  /Users/philcal/.yarn/bin:/Users/philcal/.config/yarn/global/node_modules/.bin:/usr/local/Cellar/node/8.2.1/bin:/Users/philcal/Library/Python/2.7/bin:/usr/local/bin:/usr/bin:/bin:/usr/sbin:/sbin:/usr/local/go/bin:/Users/philcal/bin:/Users/philcal/Development/ttutil:/Users/philcal/Development/ttutil-prod:/Development/gopath/bin:/Applications/Xcode.app/Contents/SharedFrameworks/LLDB.framework/Versions/A/Resources/:/Users/philipcallender/Development/gradle-1.10/bin:/Users/philcal/Library/Android/sdk/platform-tools:/Users/philcal/.gem/ruby/2.0.0/bin/:/usr/local/go/bin:/Development/gopath/bin:/Users/philcal/Library/Python/3.6/bin:/Users/philipcallender/bin

Yarn version: 
  1.10.1

Node version: 
  10.5.0

Platform: 
  darwin x64

Trace: 
  SyntaxError: /Development/Projects/vue-cli-plugin-contentservice/package.json: Unexpected token } in JSON at position 329
      at JSON.parse (<anonymous>)
      at /Users/philcal/.yarn/lib/cli.js:1136:59
      at Generator.next (<anonymous>)
      at step (/Users/philcal/.yarn/lib/cli.js:98:30)
      at /Users/philcal/.yarn/lib/cli.js:109:13

npm manifest: 
  {
    "name": "vue-cli-plugin-contentservice",
    "version": "0.0.0",
    "description": "Vue-cli 3 plugin for adding CMS functionality to project using contentservice.io",
    "main": "index.js",
    "scripts": {
      "patch-release": "npm version patch && npm publish --registry=https://registry.npmjs.org/ && git push --follow-tags",
    },
    "repository": {
      "type": "git",
      "url": "git+https://github.com/tooltwist/vue-cli-plugin-contentservice.git"
    },
    "keywords": [
      "vue",
      "vue-cli",
      "contentservice",
      "tooltwist"
    ],
    "author": "Philip Callender <philip.callender@tooltwist.com>",
    "license": "MIT",
    "homepage": "https://github.com/tooltwist/vue-cli-plugin-contentservice#readme"
  }

yarn manifest: 
  No manifest

Lockfile: 
  # THIS IS AN AUTOGENERATED FILE. DO NOT EDIT THIS FILE DIRECTLY.
  # yarn lockfile v1
